{
  "$schema": "http://json.schemastore.org/sarif-1.0.0",
  "version": "1.0.0",
  "runs": [
    {
      "tool": {
        "name": "Microsoft (R) Visual C# Compiler",
        "version": "5.0.0.0",
        "fileVersion": "5.0.0-2.25612.105 (44525024)",
        "semanticVersion": "5.0.0",
        "language": "en-US"
      },
      "results": [
        {
          "ruleId": "CS0246",
          "level": "error",
          "message": "The type or namespace name 'AuditLog' could not be found (are you missing a using directive or an assembly reference?)",
          "locations": [
            {
              "resultFile": {
                "uri": "file:///D:/Vehicle-Insurance-Management-System/Backend/Vehicle_Insurance_Management_System/VIMS.Application/Interfaces/Services/IAuditService.cs",
                "region": {
                  "startLine": 12,
                  "startColumn": 19,
                  "endLine": 12,
                  "endColumn": 27
                }
              }
            }
          ]
        }
      ],
      "rules": {
        "CS0246": {
          "id": "CS0246",
          "defaultLevel": "error",
          "helpUri": "https://msdn.microsoft.com/query/roslyn.query?appId=roslyn&k=k(CS0246)",
          "properties": {
            "category": "Compiler",
            "isEnabledByDefault": true,
            "tags": [
              "Compiler",
              "Telemetry",
              "NotConfigurable"
            ]
          }
        }
      }
    }
  ]
}