{
  "$schema": "http://json.schemastore.org/sarif-1.0.0",
  "version": "1.0.0",
  "runs": [
    {
      "tool": {
        "name": "Microsoft (R) Visual C# Compiler",
        "version": "5.0.0.0",
        "fileVersion": "5.0.0-2.25612.105 (44525024)",
        "semanticVersion": "5.0.0",
        "language": "en-US"
      },
      "results": [
        {
          "ruleId": "CS8618",
          "level": "warning",
          "message": "Non-nullable property 'Document2' must contain a non-null value when exiting constructor. Consider adding the 'required' modifier or declaring the property as nullable.",
          "locations": [
            {
              "resultFile": {
                "uri": "file:///D:/Vehicle-Insurance-Management-System/Backend/Vehicle_Insurance_Management_System/VIMS.Domain/Entities/ClaimDocument.cs",
                "region": {
                  "startLine": 16,
                  "startColumn": 23,
                  "endLine": 16,
                  "endColumn": 32
                }
              }
            }
          ],
          "relatedLocations": [
            {
              "physicalLocation": {
                "uri": "file:///D:/Vehicle-Insurance-Management-System/Backend/Vehicle_Insurance_Management_System/VIMS.Domain/Entities/ClaimDocument.cs",
                "region": {
                  "startLine": 16,
                  "startColumn": 23,
                  "endLine": 16,
                  "endColumn": 32
                }
              }
            }
          ],
          "properties": {
            "warningLevel": 1
          }
        },
        {
          "ruleId": "CS8618",
          "level": "warning",
          "message": "Non-nullable property 'VehicleApplication' must contain a non-null value when exiting constructor. Consider adding the 'required' modifier or declaring the property as nullable.",
          "locations": [
            {
              "resultFile": {
                "uri": "file:///D:/Vehicle-Insurance-Management-System/Backend/Vehicle_Insurance_Management_System/VIMS.Domain/Entities/VehicleDocument.cs",
                "region": {
                  "startLine": 18,
                  "startColumn": 35,
                  "endLine": 18,
                  "endColumn": 53
                }
              }
            }
          ],
          "relatedLocations": [
            {
              "physicalLocation": {
                "uri": "file:///D:/Vehicle-Insurance-Management-System/Backend/Vehicle_Insurance_Management_System/VIMS.Domain/Entities/VehicleDocument.cs",
                "region": {
                  "startLine": 18,
                  "startColumn": 35,
                  "endLine": 18,
                  "endColumn": 53
                }
              }
            }
          ],
          "properties": {
            "warningLevel": 1
          }
        },
        {
          "ruleId": "CS8618",
          "level": "warning",
          "message": "Non-nullable property 'Customer' must contain a non-null value when exiting constructor. Consider adding the 'required' modifier or declaring the property as nullable.",
          "locations": [
            {
              "resultFile": {
                "uri": "file:///D:/Vehicle-Insurance-Management-System/Backend/Vehicle_Insurance_Management_System/VIMS.Domain/Entities/VehicleApplication.cs",
                "region": {
                  "startLine": 16,
                  "startColumn": 21,
                  "endLine": 16,
                  "endColumn": 29
                }
              }
            }
          ],
          "relatedLocations": [
            {
              "physicalLocation": {
                "uri": "file:///D:/Vehicle-Insurance-Management-System/Backend/Vehicle_Insurance_Management_System/VIMS.Domain/Entities/VehicleApplication.cs",
                "region": {
                  "startLine": 16,
                  "startColumn": 21,
                  "endLine": 16,
                  "endColumn": 29
                }
              }
            }
          ],
          "properties": {
            "warningLevel": 1
          }
        },
        {
          "ruleId": "CS8618",
          "level": "warning",
          "message": "Non-nullable property 'VehicleApplication' must contain a non-null value when exiting constructor. Consider adding the 'required' modifier or declaring the property as nullable.",
          "locations": [
            {
              "resultFile": {
                "uri": "file:///D:/Vehicle-Insurance-Management-System/Backend/Vehicle_Insurance_Management_System/VIMS.Domain/Entities/Vehicle.cs",
                "region": {
                  "startLine": 16,
                  "startColumn": 35,
                  "endLine": 16,
                  "endColumn": 53
                }
              }
            }
          ],
          "relatedLocations": [
            {
              "physicalLocation": {
                "uri": "file:///D:/Vehicle-Insurance-Management-System/Backend/Vehicle_Insurance_Management_System/VIMS.Domain/Entities/Vehicle.cs",
                "region": {
                  "startLine": 16,
                  "startColumn": 35,
                  "endLine": 16,
                  "endColumn": 53
                }
              }
            }
          ],
          "properties": {
            "warningLevel": 1
          }
        }
      ],
      "rules": {
        "CS8618": {
          "id": "CS8618",
          "shortDescription": "Non-nullable field must contain a non-null value when exiting constructor. Consider adding the 'required' modifier or declaring as nullable.",
          "defaultLevel": "warning",
          "helpUri": "https://msdn.microsoft.com/query/roslyn.query?appId=roslyn&k=k(CS8618)",
          "properties": {
            "category": "Compiler",
            "isEnabledByDefault": true,
            "tags": [
              "Compiler",
              "Telemetry"
            ]
          }
        }
      }
    }
  ]
}